#
# A fatal error has been detected by the Java Runtime Environment:
#
#  EXCEPTION_ACCESS_VIOLATION (0xc0000005) at pc=0x0000000068dd8369, pid=6688, tid=0x0000000000001488
#
# JRE version: Java(TM) SE Runtime Environment (8.0_111-b14) (build 1.8.0_111-b14)
# Java VM: Java HotSpot(TM) 64-Bit Server VM (25.111-b14 mixed mode windows-amd64 compressed oops)
# Problematic frame:
# V  [jvm.dll+0x68369]
#
# Failed to write core dump. Minidumps are not enabled by default on client versions of Windows
#
# If you would like to submit a bug report, please visit:
#   http://bugreport.java.com/bugreport/crash.jsp
#

---------------  T H R E A D  ---------------

Current thread (0x0000000054d15000):  JavaThread "Attach Listener" daemon [_thread_in_vm, id=5256, stack(0x00000000569b0000,0x0000000056ab0000)]

siginfo: ExceptionCode=0xc0000005, reading address 0x0000000000000036

Registers:
RAX=0x0000000000000000, RBX=0x0000000054d15000, RCX=0x0000000000000000, RDX=0x0000000000000036
RSP=0x0000000056aafd68, RBP=0x0000000056aafe10, RSI=0x0000000000000000, RDI=0x0000000000000000
R8 =0x0000000000000000, R9 =0x0000000000000000, R10=0x0000000000000000, R11=0x0000000000000202
R12=0x0000000000000000, R13=0x0000000000000000, R14=0x0000000000000000, R15=0x0000000000000000
RIP=0x0000000068dd8369, EFLAGS=0x0000000000010246

Top of Stack: (sp=0x0000000056aafd68)
0x0000000056aafd68:   0000000068fb4af0 000000000235c9d0
0x0000000056aafd78:   0000000000004000 0000000000000000
0x0000000056aafd88:   0000000000000000 0000000000000000
0x0000000056aafd98:   0000000068fb5560 0000000054d15000
0x0000000056aafda8:   0000000000000000 000000006b1237e0
0x0000000056aafdb8:   0000000000000000 0000000054d16000
0x0000000056aafdc8:   0000000000000000 0000000000000000
0x0000000056aafdd8:   000000000000002d 0000000054d15000
0x0000000056aafde8:   000000006900c43a 0000000000000000
0x0000000056aafdf8:   000000006b0920fb 0000000054d16050
0x0000000056aafe08:   0000000000000000 000099022e08e8b1
0x0000000056aafe18:   0000000000000000 0000000000000000
0x0000000056aafe28:   000000006b091d9f 0000000054d15000
0x0000000056aafe38:   0000000054d16050 0000000000000000
0x0000000056aafe48:   0000000000000000 0000000000000000
0x0000000056aafe58:   000000006b091e3b 000000006b122ac0 

Instructions: (pc=0x0000000068dd8369)
0x0000000068dd8349:   08 c3 cc cc cc cc cc 48 63 05 19 90 78 00 89 14
0x0000000068dd8359:   08 c3 cc cc cc cc cc 48 63 15 15 90 78 00 33 c0
0x0000000068dd8369:   38 04 0a 0f 95 c0 c3 48 63 05 05 90 78 00 c6 04
0x0000000068dd8379:   08 01 c3 cc cc cc cc 48 63 15 ed 8f 78 00 33 c0 


Register to memory mapping:

RAX=0x0000000000000000 is an unknown value
RBX=0x0000000054d15000 is a thread
RCX=0x0000000000000000 is an unknown value
RDX=0x0000000000000036 is an unknown value
RSP=0x0000000056aafd68 is pointing into the stack for thread: 0x0000000054d15000
RBP=0x0000000056aafe10 is pointing into the stack for thread: 0x0000000054d15000
RSI=0x0000000000000000 is an unknown value
RDI=0x0000000000000000 is an unknown value
R8 =0x0000000000000000 is an unknown value
R9 =0x0000000000000000 is an unknown value
R10=0x0000000000000000 is an unknown value
R11=0x0000000000000202 is an unknown value
R12=0x0000000000000000 is an unknown value
R13=0x0000000000000000 is an unknown value
R14=0x0000000000000000 is an unknown value
R15=0x0000000000000000 is an unknown value


Stack: [0x00000000569b0000,0x0000000056ab0000],  sp=0x0000000056aafd68,  free space=1023k
Native frames: (J=compiled Java code, j=interpreted, Vv=VM code, C=native code)
V  [jvm.dll+0x68369]


---------------  P R O C E S S  ---------------

Java Threads: ( => current thread )
  0x0000000054d1f800 JavaThread "Service Thread" daemon [_thread_blocked, id=6568, stack(0x0000000056e70000,0x0000000056f70000)]
  0x0000000056247800 JavaThread "C1 CompilerThread2" daemon [_thread_in_vm, id=5092, stack(0x0000000056880000,0x0000000056980000)]
  0x0000000056247000 JavaThread "C2 CompilerThread1" daemon [_thread_blocked, id=4872, stack(0x0000000056c50000,0x0000000056d50000)]
  0x0000000056243800 JavaThread "C2 CompilerThread0" daemon [_thread_blocked, id=6700, stack(0x0000000056b40000,0x0000000056c40000)]
=>0x0000000054d15000 JavaThread "Attach Listener" daemon [_thread_in_vm, id=5256, stack(0x00000000569b0000,0x0000000056ab0000)]
  0x0000000054d13800 JavaThread "Signal Dispatcher" daemon [_thread_blocked, id=1124, stack(0x0000000056760000,0x0000000056860000)]
  0x0000000054cfc000 JavaThread "Finalizer" daemon [_thread_blocked, id=3456, stack(0x0000000056140000,0x0000000056240000)]
  0x0000000054cb5000 JavaThread "Reference Handler" daemon [_thread_blocked, id=3952, stack(0x0000000055f00000,0x0000000056000000)]
  0x000000000235e800 JavaThread "main" [_thread_in_vm, id=6240, stack(0x00000000025f0000,0x00000000026f0000)]

Other Threads:
  0x0000000054cab000 VMThread [stack: 0x0000000055d80000,0x0000000055e80000] [id=8148]
  0x00000000562e9000 WatcherThread [stack: 0x0000000056d70000,0x0000000056e70000] [id=3488]

VM state:not at safepoint (normal execution)

VM Mutex/Monitor currently owned by a thread: None

Heap:
 PSYoungGen      total 16896K, used 891K [0x00000000ed580000, 0x00000000ee800000, 0x0000000100000000)
  eden space 14848K, 6% used [0x00000000ed580000,0x00000000ed65ec20,0x00000000ee400000)
  from space 2048K, 0% used [0x00000000ee600000,0x00000000ee600000,0x00000000ee800000)
  to   space 2048K, 0% used [0x00000000ee400000,0x00000000ee400000,0x00000000ee600000)
 ParOldGen       total 38400K, used 0K [0x00000000c8000000, 0x00000000ca580000, 0x00000000ed580000)
  object space 38400K, 0% used [0x00000000c8000000,0x00000000c8000000,0x00000000ca580000)
 Metaspace       used 2399K, capacity 4480K, committed 4480K, reserved 1056768K
  class space    used 263K, capacity 384K, committed 384K, reserved 1048576K

Card table byte_map: [0x0000000002360000,0x0000000002530000] byte_map_base: 0x0000000001d20000

Marking Bits: (ParMarkBitMap*) 0x000000006958a6c0
 Begin Bits: [0x0000000012560000, 0x0000000013360000)
 End Bits:   [0x0000000013360000, 0x0000000014160000)

Polling page: 0x0000000000130000

CodeCache: size=245760Kb used=1096Kb max_used=1099Kb free=244663Kb
 bounds [0x00000000029c0000, 0x0000000002c30000, 0x00000000119c0000]
 total_blobs=249 nmethods=22 adapters=141
 compilation: enabled

Compilation events (0 events):
No events

GC Heap History (0 events):
No events

Deoptimization events (0 events):
No events

Internal exceptions (2 events):
Event: 0.053 Thread 0x000000000235e800 Exception <a 'java/lang/NoSuchMethodError': Method sun.misc.Unsafe.defineClass(Ljava/lang/String;[BII)Ljava/lang/Class; name or signature does not match> (0x00000000ed587c78) thrown at [C:\re\workspace\8-2-build-windows-amd64-cygwin\jdk8u111\7883\hotspot\
Event: 0.053 Thread 0x000000000235e800 Exception <a 'java/lang/NoSuchMethodError': Method sun.misc.Unsafe.prefetchRead(Ljava/lang/Object;J)V name or signature does not match> (0x00000000ed587f60) thrown at [C:\re\workspace\8-2-build-windows-amd64-cygwin\jdk8u111\7883\hotspot\src\share\vm\prims

Events (10 events):
Event: 0.097 loading class sun/misc/URLClassPath done
Event: 0.098 loading class sun/net/www/protocol/jar/Handler
Event: 0.098 loading class sun/net/www/protocol/jar/Handler done
Event: 0.098 loading class sun/misc/Launcher$AppClassLoader$1
Event: 0.098 loading class sun/misc/Launcher$AppClassLoader$1 done
Event: 0.108 loading class java/lang/SystemClassLoaderAction
Event: 0.108 loading class java/lang/SystemClassLoaderAction done
Event: 0.109 Thread 0x0000000054d13800 Thread added: 0x0000000054d13800
Event: 0.116 Thread 0x0000000054d15000 Thread added: 0x0000000054d15000
Event: 0.117 Thread 0x0000000056243800 Thread added: 0x0000000056243800


Dynamic libraries:
0x000000013f400000 - 0x000000013f437000 	C:\Program Files\Java\jdk1.8.0_111\bin\java.exe
0x0000000076e80000 - 0x000000007701f000 	C:\Windows\SYSTEM32\ntdll.dll
0x0000000076d60000 - 0x0000000076e7f000 	C:\Windows\system32\kernel32.dll
0x000007fefcc30000 - 0x000007fefcc9a000 	C:\Windows\system32\KERNELBASE.dll
0x000007fefdfa0000 - 0x000007fefe07b000 	C:\Windows\system32\ADVAPI32.dll
0x000007fefe620000 - 0x000007fefe6bf000 	C:\Windows\system32\msvcrt.dll
0x000007fefcfe0000 - 0x000007fefcfff000 	C:\Windows\SYSTEM32\sechost.dll
0x000007fefebc0000 - 0x000007fefeced000 	C:\Windows\system32\RPCRT4.dll
0x0000000076c60000 - 0x0000000076d5a000 	C:\Windows\system32\USER32.dll
0x000007feff0b0000 - 0x000007feff117000 	C:\Windows\system32\GDI32.dll
0x000007fefecf0000 - 0x000007fefecfe000 	C:\Windows\system32\LPK.dll
0x000007fefcf10000 - 0x000007fefcfdb000 	C:\Windows\system32\USP10.dll
0x000007fefa3d0000 - 0x000007fefa5c4000 	C:\Windows\WinSxS\amd64_microsoft.windows.common-controls_6595b64144ccf1df_6.0.7601.18837_none_fa3b1e3d17594757\COMCTL32.dll
0x000007fefe260000 - 0x000007fefe2d1000 	C:\Windows\system32\SHLWAPI.dll
0x000007feff140000 - 0x000007feff16e000 	C:\Windows\system32\IMM32.DLL
0x000007fefdd90000 - 0x000007fefde99000 	C:\Windows\system32\MSCTF.dll
0x000000006b070000 - 0x000000006b142000 	C:\Program Files\Java\jdk1.8.0_111\jre\bin\msvcr100.dll
0x0000000068d70000 - 0x000000006960a000 	C:\Program Files\Java\jdk1.8.0_111\jre\bin\server\jvm.dll
0x000007fee8230000 - 0x000007fee8239000 	C:\Windows\system32\WSOCK32.dll
0x000007fefdea0000 - 0x000007fefdeed000 	C:\Windows\system32\WS2_32.dll
0x000007fefdf90000 - 0x000007fefdf98000 	C:\Windows\system32\NSI.dll
0x000007fef7fd0000 - 0x000007fef800b000 	C:\Windows\system32\WINMM.dll
0x000007fefb890000 - 0x000007fefb89c000 	C:\Windows\system32\VERSION.dll
0x0000000077030000 - 0x0000000077037000 	C:\Windows\system32\PSAPI.DLL
0x000000006b290000 - 0x000000006b29f000 	C:\Program Files\Java\jdk1.8.0_111\jre\bin\verify.dll
0x000000006b260000 - 0x000000006b289000 	C:\Program Files\Java\jdk1.8.0_111\jre\bin\java.dll
0x000000006b230000 - 0x000000006b246000 	C:\Program Files\Java\jdk1.8.0_111\jre\bin\zip.dll
0x000007fefd000000 - 0x000007fefdd8b000 	C:\Windows\system32\SHELL32.dll
0x000007fefe420000 - 0x000007fefe61d000 	C:\Windows\system32\ole32.dll
0x000007fefcb50000 - 0x000007fefcb5f000 	C:\Windows\system32\profapi.dll
0x000007fefa2a0000 - 0x000007fefa3c5000 	C:\Windows\system32\dbghelp.dll

VM Arguments:
jvm_args: -Dfile.encoding=UTF-8 
java_command: aviso.Aviso
java_class_path (initial): C:\DattaSystem\STFolha\Aviso\lib\barbecue-1.5-beta1.jar;C:\DattaSystem\STFolha\Aviso\lib\commons-beanutils-1.9.2.jar;C:\DattaSystem\STFolha\Aviso\lib\commons-codec-1.6.jar;C:\DattaSystem\STFolha\Aviso\lib\commons-collections-3.0.jar;C:\DattaSystem\STFolha\Aviso\lib\commons-digester-2.1.jar;C:\DattaSystem\STFolha\Aviso\lib\commons-logging-1.1.3.jar;C:\DattaSystem\STFolha\Aviso\lib\dom4j-1.6.1.jar;C:\DattaSystem\STFolha\Aviso\lib\groovy-all-2.0.1.jar;C:\DattaSystem\STFolha\Aviso\lib\httpclient-4.3.4.jar;C:\DattaSystem\STFolha\Aviso\lib\httpcore-4.3.2.jar;C:\DattaSystem\STFolha\Aviso\lib\httpmime-4.3.4.jar;C:\DattaSystem\STFolha\Aviso\lib\iText-2.1.7.js2.jar;C:\DattaSystem\STFolha\Aviso\lib\jasper-compiler-jdt.jar;C:\DattaSystem\STFolha\Aviso\lib\jasperreports-5.1.0.jar;C:\DattaSystem\STFolha\Aviso\lib\jasperreports-fonts-5.0.4.jar;C:\DattaSystem\STFolha\Aviso\lib\jaxen-1.1.6.jar;C:\DattaSystem\STFolha\Aviso\lib\jaybird-2.2.5-javadoc.jar;C:\DattaSystem\STFolha\Aviso\lib\jaybird-2.2.5-sources.jar;C:\DattaSystem\STFolha\Aviso\lib\jaybird-2.2.5.jar;C:\DattaSystem\STFolha\Aviso\lib\jaybird-full-2.2.5.jar;C:\DattaSystem\STFolha\Aviso\lib\jcalendar-1.4.jar;C:\DattaSystem\STFolha\Aviso\lib\jdom-2.0.5.jar;C:\DattaSystem\STFolha\Aviso\lib\joda-time-2.3-javadoc.jar;C:\DattaSystem\STFolha\Aviso\lib\joda-time-2.3.jar;C:\DattaSystem\STFolha\Aviso\lib\json-simple-1.1.1.jar;C:\DattaSystem\STFolha\Aviso\lib\org.springframework.core.jar;C:\DattaSystem\STFolha\Aviso\lib\xalan-2.4.0.jar;C:\DattaSystem\STFolha\Aviso\lib\xercesImpl.jar;C:\DattaSystem\STFolha\Aviso\lib\xml-apis.jar;C:\Program Files\NetBeans 8.2\java\modules\ext\AbsoluteLayout.jar;C:\Users\wanderlei\Documents\NetBeansProjects\aviso\build\classes
Launcher Type: SUN_STANDARD

Environment Variables:
PATH=C:\Program Files (x86)\Embarcadero\Studio\19.0\bin;C:\Users\Public\Documents\Embarcadero\Studio\19.0\Bpl;C:\Program Files (x86)\Embarcadero\Studio\19.0\bin64;C:\Users\Public\Documents\Embarcadero\Studio\19.0\Bpl\Win64;C:\ProgramData\Oracle\Java\javapath;C:\Windows\system32;C:\Windows;C:\Windows\System32\Wbem;C:\Windows\System32\WindowsPowerShell\v1.0\;C:\Program Files (x86)\Skype\Phone\;C:\xampp\php;C:\Program Files\SafeNet\Authentication\SAC\x32;C:\Program Files\SafeNet\Authentication\SAC\x64;C:\Program Files\Heroku\bin;C:\Program Files\Java\jdk1.8.0_111\bin
USERNAME=wanderlei
OS=Windows_NT
PROCESSOR_IDENTIFIER=AMD64 Family 16 Model 10 Stepping 0, AuthenticAMD



---------------  S Y S T E M  ---------------

OS: Windows 7 , 64 bit Build 7601 (6.1.7601.24000)

CPU:total 4 (4 cores per cpu, 1 threads per core) family 16 model 10 stepping 0, cmov, cx8, fxsr, mmx, sse, sse2, sse3, popcnt, mmxext, 3dnowpref, lzcnt, sse4a, tsc, tscinvbit, tscinv

Memory: 4k page, physical 3669428k(1126200k free), swap 7336980k(3823828k free)

vm_info: Java HotSpot(TM) 64-Bit Server VM (25.111-b14) for windows-amd64 JRE (1.8.0_111-b14), built on Sep 22 2016 19:24:05 by "java_re" with MS VC++ 10.0 (VS2010)

time: Mon Jan 29 17:34:24 2018
elapsed time: 0 seconds (0d 0h 0m 0s)

